<?xml version="1.0" encoding="UTF-8"?>
<testsuite xmlns:xsi="http://www.w3.org/2001/XMLSchema-instance" xsi:noNamespaceSchemaLocation="https://maven.apache.org/surefire/maven-failsafe-plugin/xsd/failsafe-test-report-3.0.xsd" version="3.0" name="Account Page Feature" time="18.828" tests="6" errors="6" skipped="0" failures="0">
  <properties>
[...]
</properties>
  <testcase name="Accounts page title" classname="Account Page Feature" time="16.951">
    <error message="permission denied&#10;Build info: version: &apos;3.141.59&apos;, revision: &apos;e82be7d358&apos;, time: &apos;2018-11-14T08:17:03&apos;&#10;System info: host: &apos;DESKTOP-OFC8VFN&apos;, ip: &apos;192.168.1.8&apos;, os.name: &apos;Windows 10&apos;, os.arch: &apos;amd64&apos;, os.version: &apos;10.0&apos;, java.version: &apos;1.8.0_201&apos;&#10;Driver info: driver.version: FirefoxDriver&#10;remote stacktrace: " type="org.openqa.selenium.WebDriverException">org.openqa.selenium.WebDriverException: 
permission denied
Build info: version: '3.141.59', revision: 'e82be7d358', time: '2018-11-14T08:17:03'
System info: host: 'DESKTOP-OFC8VFN', ip: '192.168.1.8', os.name: 'Windows 10', os.arch: 'amd64', os.version: '10.0', java.version: '1.8.0_201'
Driver info: driver.version: FirefoxDriver
remote stacktrace: 
</error>
    <system-out><![CDATA[
Scenario: Accounts page title                       &amp#27;[90m# src/test/resources/AppFeatures/AccountsPage.feature:8&amp#27;[0m
browser value is firefox
      &amp#27;[31morg.openqa.selenium.WebDriverException: permission denied
Build info: version: '3.141.59', revision: 'e82be7d358', time: '2018-11-14T08:17:03'
System info: host: 'DESKTOP-OFC8VFN', ip: '192.168.1.8', os.name: 'Windows 10', os.arch: 'amd64', os.version: '10.0', java.version: '1.8.0_201'
Driver info: driver.version: FirefoxDriver
remote stacktrace: 
	at sun.reflect.NativeConstructorAccessorImpl.newInstance0(Native Method)
	at sun.reflect.NativeConstructorAccessorImpl.newInstance(NativeConstructorAccessorImpl.java:62)
	at sun.reflect.DelegatingConstructorAccessorImpl.newInstance(DelegatingConstructorAccessorImpl.java:45)
	at java.lang.reflect.Constructor.newInstance(Constructor.java:423)
	at org.openqa.selenium.remote.W3CHandshakeResponse.lambda$errorHandler$0(W3CHandshakeResponse.java:62)
	at org.openqa.selenium.remote.HandshakeResponse.lambda$getResponseFunction$0(HandshakeResponse.java:30)
	at org.openqa.selenium.remote.ProtocolHandshake.lambda$createSession$0(ProtocolHandshake.java:126)
	at java.util.stream.ReferencePipeline$3$1.accept(ReferencePipeline.java:193)
	at java.util.Spliterators$ArraySpliterator.tryAdvance(Spliterators.java:958)
	at java.util.stream.ReferencePipeline.forEachWithCancel(ReferencePipeline.java:126)
	at java.util.stream.AbstractPipeline.copyIntoWithCancel(AbstractPipeline.java:498)
	at java.util.stream.AbstractPipeline.copyInto(AbstractPipeline.java:485)
	at java.util.stream.AbstractPipeline.wrapAndCopyInto(AbstractPipeline.java:471)
	at java.util.stream.FindOps$FindOp.evaluateSequential(FindOps.java:152)
	at java.util.stream.AbstractPipeline.evaluate(AbstractPipeline.java:234)
	at java.util.stream.ReferencePipeline.findFirst(ReferencePipeline.java:464)
	at org.openqa.selenium.remote.ProtocolHandshake.createSession(ProtocolHandshake.java:128)
	at org.openqa.selenium.remote.ProtocolHandshake.createSession(ProtocolHandshake.java:74)
	at org.openqa.selenium.remote.HttpCommandExecutor.execute(HttpCommandExecutor.java:136)
	at org.openqa.selenium.remote.service.DriverCommandExecutor.execute(DriverCommandExecutor.java:83)
	at org.openqa.selenium.remote.RemoteWebDriver.execute(RemoteWebDriver.java:552)
	at org.openqa.selenium.remote.RemoteWebDriver.startSession(RemoteWebDriver.java:213)
	at org.openqa.selenium.remote.RemoteWebDriver.<init>(RemoteWebDriver.java:131)
	at org.openqa.selenium.firefox.FirefoxDriver.<init>(FirefoxDriver.java:147)
	at org.openqa.selenium.firefox.FirefoxDriver.<init>(FirefoxDriver.java:125)
	at com.factory.DriverFactory.init_driver(DriverFactory.java:29)
	at AppHooks.ApplicationHooks.launchBrowser(ApplicationHooks.java:21)
&amp#27;[0m
  &amp#27;[36mGiven &amp#27;[0m&amp#27;[36muser has already logged in to application&amp#27;[0m   &amp#27;[90m# stepdefinations.AccountPageSteps.user_has_already_logged_in_to_application(io.cucumber.datatable.DataTable)&amp#27;[0m
  &amp#27;[36mGiven &amp#27;[0m&amp#27;[36muser is on Accounts page&amp#27;[0m                    &amp#27;[90m# stepdefinations.AccountPageSteps.user_is_on_accounts_page()&amp#27;[0m
  &amp#27;[36mWhen &amp#27;[0m&amp#27;[36muser gets the title of the page&amp#27;[0m              &amp#27;[90m# stepdefinations.LoginPageSteps.user_gets_the_title_of_the_page()&amp#27;[0m
  &amp#27;[36mThen &amp#27;[0m&amp#27;[36mpage title should be &amp#27;[0m&amp#27;[36m&amp#27;[1m"My account - My Store"&amp#27;[0m &amp#27;[90m# stepdefinations.LoginPageSteps.page_title_should_be(java.lang.String)&amp#27;[0m
      &amp#27;[31mjava.lang.NullPointerException
	at AppHooks.ApplicationHooks.tearDown(ApplicationHooks.java:34)
&amp#27;[0m
      &amp#27;[31mjava.lang.NullPointerException
	at AppHooks.ApplicationHooks.quit(ApplicationHooks.java:26)
&amp#27;[0m
]]></system-out>
    <system-err><![CDATA[1608723300196	mozrunner::runner	INFO	Running command: "C:\\Program Files\\Mozilla Firefox\\firefox.exe" "-marionette" "-foreground" "-no-remote" "-profile" "C:\\Users\\Mudit\\AppData\\Local\\Temp\\rust_mozprofileRlDpvo"
]]></system-err>
  </testcase>
  <testcase name="Accounts page title" classname="Account Page Feature" time="0">
    <error type="java.lang.NullPointerException">java.lang.NullPointerException
</error>
  </testcase>
  <testcase name="Accounts page title" classname="Account Page Feature" time="0">
    <error type="java.lang.NullPointerException">java.lang.NullPointerException
</error>
  </testcase>
  <testcase name="Accounts section count" classname="Account Page Feature" time="1.867">
    <error message="permission denied&#10;Build info: version: &apos;3.141.59&apos;, revision: &apos;e82be7d358&apos;, time: &apos;2018-11-14T08:17:03&apos;&#10;System info: host: &apos;DESKTOP-OFC8VFN&apos;, ip: &apos;192.168.1.8&apos;, os.name: &apos;Windows 10&apos;, os.arch: &apos;amd64&apos;, os.version: &apos;10.0&apos;, java.version: &apos;1.8.0_201&apos;&#10;Driver info: driver.version: FirefoxDriver&#10;remote stacktrace: " type="org.openqa.selenium.WebDriverException">org.openqa.selenium.WebDriverException: 
permission denied
Build info: version: '3.141.59', revision: 'e82be7d358', time: '2018-11-14T08:17:03'
System info: host: 'DESKTOP-OFC8VFN', ip: '192.168.1.8', os.name: 'Windows 10', os.arch: 'amd64', os.version: '10.0', java.version: '1.8.0_201'
Driver info: driver.version: FirefoxDriver
remote stacktrace: 
</error>
    <system-out><![CDATA[
Scenario: Accounts section count                  &amp#27;[90m# src/test/resources/AppFeatures/AccountsPage.feature:13&amp#27;[0m
browser value is firefox
      &amp#27;[31morg.openqa.selenium.WebDriverException: permission denied
Build info: version: '3.141.59', revision: 'e82be7d358', time: '2018-11-14T08:17:03'
System info: host: 'DESKTOP-OFC8VFN', ip: '192.168.1.8', os.name: 'Windows 10', os.arch: 'amd64', os.version: '10.0', java.version: '1.8.0_201'
Driver info: driver.version: FirefoxDriver
remote stacktrace: 
	at sun.reflect.NativeConstructorAccessorImpl.newInstance0(Native Method)
	at sun.reflect.NativeConstructorAccessorImpl.newInstance(NativeConstructorAccessorImpl.java:62)
	at sun.reflect.DelegatingConstructorAccessorImpl.newInstance(DelegatingConstructorAccessorImpl.java:45)
	at java.lang.reflect.Constructor.newInstance(Constructor.java:423)
	at org.openqa.selenium.remote.W3CHandshakeResponse.lambda$errorHandler$0(W3CHandshakeResponse.java:62)
	at org.openqa.selenium.remote.HandshakeResponse.lambda$getResponseFunction$0(HandshakeResponse.java:30)
	at org.openqa.selenium.remote.ProtocolHandshake.lambda$createSession$0(ProtocolHandshake.java:126)
	at java.util.stream.ReferencePipeline$3$1.accept(ReferencePipeline.java:193)
	at java.util.Spliterators$ArraySpliterator.tryAdvance(Spliterators.java:958)
	at java.util.stream.ReferencePipeline.forEachWithCancel(ReferencePipeline.java:126)
	at java.util.stream.AbstractPipeline.copyIntoWithCancel(AbstractPipeline.java:498)
	at java.util.stream.AbstractPipeline.copyInto(AbstractPipeline.java:485)
	at java.util.stream.AbstractPipeline.wrapAndCopyInto(AbstractPipeline.java:471)
	at java.util.stream.FindOps$FindOp.evaluateSequential(FindOps.java:152)
	at java.util.stream.AbstractPipeline.evaluate(AbstractPipeline.java:234)
	at java.util.stream.ReferencePipeline.findFirst(ReferencePipeline.java:464)
	at org.openqa.selenium.remote.ProtocolHandshake.createSession(ProtocolHandshake.java:128)
	at org.openqa.selenium.remote.ProtocolHandshake.createSession(ProtocolHandshake.java:74)
	at org.openqa.selenium.remote.HttpCommandExecutor.execute(HttpCommandExecutor.java:136)
	at org.openqa.selenium.remote.service.DriverCommandExecutor.execute(DriverCommandExecutor.java:83)
	at org.openqa.selenium.remote.RemoteWebDriver.execute(RemoteWebDriver.java:552)
	at org.openqa.selenium.remote.RemoteWebDriver.startSession(RemoteWebDriver.java:213)
	at org.openqa.selenium.remote.RemoteWebDriver.<init>(RemoteWebDriver.java:131)
	at org.openqa.selenium.firefox.FirefoxDriver.<init>(FirefoxDriver.java:147)
	at org.openqa.selenium.firefox.FirefoxDriver.<init>(FirefoxDriver.java:125)
	at com.factory.DriverFactory.init_driver(DriverFactory.java:29)
	at AppHooks.ApplicationHooks.launchBrowser(ApplicationHooks.java:21)
&amp#27;[0m
  &amp#27;[36mGiven &amp#27;[0m&amp#27;[36muser has already logged in to application&amp#27;[0m &amp#27;[90m# stepdefinations.AccountPageSteps.user_has_already_logged_in_to_application(io.cucumber.datatable.DataTable)&amp#27;[0m
  &amp#27;[36mGiven &amp#27;[0m&amp#27;[36muser is on Accounts page&amp#27;[0m                  &amp#27;[90m# stepdefinations.AccountPageSteps.user_is_on_accounts_page()&amp#27;[0m
  &amp#27;[36mThen &amp#27;[0m&amp#27;[36muser gets accounts section&amp#27;[0m                 &amp#27;[90m# stepdefinations.AccountPageSteps.user_gets_accounts_section(io.cucumber.datatable.DataTable)&amp#27;[0m
  &amp#27;[36mAnd &amp#27;[0m&amp#27;[36maccounts section count should be &amp#27;[0m&amp#27;[36m&amp#27;[1m6&amp#27;[0m          &amp#27;[90m# stepdefinations.AccountPageSteps.accounts_section_count_should_be(java.lang.Integer)&amp#27;[0m
      &amp#27;[31mjava.lang.NullPointerException
	at AppHooks.ApplicationHooks.tearDown(ApplicationHooks.java:34)
&amp#27;[0m
      &amp#27;[31mjava.lang.NullPointerException
	at AppHooks.ApplicationHooks.quit(ApplicationHooks.java:26)
&amp#27;[0m
]]></system-out>
    <system-err><![CDATA[1608723306632	mozrunner::runner	INFO	Running command: "C:\\Program Files\\Mozilla Firefox\\firefox.exe" "-marionette" "-foreground" "-no-remote" "-profile" "C:\\Users\\Mudit\\AppData\\Local\\Temp\\rust_mozprofilecO6fLz"
]]></system-err>
  </testcase>
  <testcase name="Accounts section count" classname="Account Page Feature" time="0">
    <error type="java.lang.NullPointerException">java.lang.NullPointerException
</error>
  </testcase>
  <testcase name="Accounts section count" classname="Account Page Feature" time="0">
    <error type="java.lang.NullPointerException">java.lang.NullPointerException
</error>
  </testcase>
</testsuite>